INFO 2025-07-01 10:47:02,852 autoreload 27160 20284 Watching for file changes with StatReloader
INFO 2025-07-01 10:52:12,248 basehttp 27160 19844 "GET /api/jamendo/config/ HTTP/1.1" 200 112
INFO 2025-07-01 10:52:12,260 basehttp 27160 19844 "GET /api/jamendo/config/ HTTP/1.1" 200 112
INFO 2025-07-01 10:52:12,269 basehttp 27160 19844 "GET /api/jamendo/tags/ HTTP/1.1" 200 185
INFO 2025-07-01 10:52:12,274 views 27160 19844 Jamendo API 請求: https://api.jamendo.com/v3.0/tracks with params: {'client_id': '93957ee4', 'format': 'json', 'order': 'popularity_total', 'include': 'musicinfo', 'audioformat': 'mp32', 'limit': 30}
INFO 2025-07-01 10:52:13,698 views 27160 19844 Jamendo API 響應成功: 30 項結果
INFO 2025-07-01 10:52:13,702 basehttp 27160 19844 "GET /api/jamendo/tracks/popular/?limit=30 HTTP/1.1" 200 121492
INFO 2025-07-01 10:52:20,866 views 27160 19844 Jamendo API 請求: https://api.jamendo.com/v3.0/tracks with params: {'client_id': '93957ee4', 'format': 'json', 'tags': 'rock', 'include': 'musicinfo', 'audioformat': 'mp32', 'limit': 30}
INFO 2025-07-01 10:52:22,045 views 27160 19844 Jamendo API 響應成功: 30 項結果
INFO 2025-07-01 10:52:22,048 basehttp 27160 19844 "GET /api/jamendo/tracks/tag/?tag=rock&limit=30 HTTP/1.1" 200 127514
INFO 2025-07-01 10:56:05,825 views 27160 25952 Jamendo API 請求: https://api.jamendo.com/v3.0/tracks with params: {'client_id': '93957ee4', 'format': 'json', 'tags': 'reggae', 'include': 'musicinfo', 'audioformat': 'mp32', 'limit': 30}
INFO 2025-07-01 10:56:07,092 views 27160 25952 Jamendo API 響應成功: 30 項結果
INFO 2025-07-01 10:56:07,096 basehttp 27160 25952 "GET /api/jamendo/tracks/tag/?tag=reggae&limit=30 HTTP/1.1" 200 121426
INFO 2025-07-01 10:56:15,753 views 27160 25952 從緩存返回數據: tracks
INFO 2025-07-01 10:56:15,756 basehttp 27160 25952 "GET /api/jamendo/tracks/popular/?limit=30 HTTP/1.1" 200 121492
INFO 2025-07-01 10:56:18,061 basehttp 27160 25952 "GET /api/jamendo/config/ HTTP/1.1" 200 112
INFO 2025-07-01 10:56:18,076 basehttp 27160 25952 "GET /api/jamendo/config/ HTTP/1.1" 200 112
INFO 2025-07-01 10:56:18,085 basehttp 27160 25952 "GET /api/jamendo/tags/ HTTP/1.1" 200 185
INFO 2025-07-01 10:56:18,093 views 27160 25952 從緩存返回數據: tracks
INFO 2025-07-01 10:56:18,099 basehttp 27160 25952 "GET /api/jamendo/tracks/popular/?limit=30 HTTP/1.1" 200 121492
INFO 2025-07-01 10:56:28,227 views 27160 25952 Jamendo API 請求: https://api.jamendo.com/v3.0/tracks with params: {'client_id': '93957ee4', 'format': 'json', 'order': 'releasedate_desc', 'include': 'musicinfo', 'audioformat': 'mp32', 'limit': 30}
INFO 2025-07-01 10:56:29,464 views 27160 25952 Jamendo API 響應成功: 30 項結果
INFO 2025-07-01 10:56:29,468 basehttp 27160 25952 "GET /api/jamendo/tracks/latest/?limit=30 HTTP/1.1" 200 147571
INFO 2025-07-01 10:56:34,474 views 27160 25952 從緩存返回數據: tracks
INFO 2025-07-01 10:56:34,477 basehttp 27160 25952 "GET /api/jamendo/tracks/popular/?limit=30 HTTP/1.1" 200 121492
INFO 2025-07-01 10:56:38,208 views 27160 25952 Jamendo API 請求: https://api.jamendo.com/v3.0/tracks with params: {'client_id': '93957ee4', 'format': 'json', 'tags': 'electronic', 'include': 'musicinfo', 'audioformat': 'mp32', 'limit': 30}
INFO 2025-07-01 10:56:39,392 views 27160 25952 Jamendo API 響應成功: 30 項結果
INFO 2025-07-01 10:56:39,395 basehttp 27160 25952 "GET /api/jamendo/tracks/tag/?tag=electronic&limit=30 HTTP/1.1" 200 119675
INFO 2025-07-01 10:57:53,735 views 27160 9488 從緩存返回數據: tracks
INFO 2025-07-01 10:57:53,739 basehttp 27160 9488 "GET /api/jamendo/tracks/tag/?tag=electronic&limit=30 HTTP/1.1" 200 119675
INFO 2025-07-01 10:57:55,083 views 27160 9488 從緩存返回數據: tracks
INFO 2025-07-01 10:57:55,086 basehttp 27160 9488 "GET /api/jamendo/tracks/tag/?tag=electronic&limit=30 HTTP/1.1" 200 119675
INFO 2025-07-01 10:57:57,004 views 27160 9488 從緩存返回數據: tracks
INFO 2025-07-01 10:57:57,007 basehttp 27160 9488 "GET /api/jamendo/tracks/tag/?tag=reggae&limit=30 HTTP/1.1" 200 121426
INFO 2025-07-01 11:15:44,500 basehttp 27160 10812 "GET /api/jamendo/config/ HTTP/1.1" 200 112
INFO 2025-07-01 11:15:44,520 basehttp 27160 10812 "GET /api/jamendo/config/ HTTP/1.1" 200 112
INFO 2025-07-01 11:15:44,532 basehttp 27160 10812 "GET /api/jamendo/tags/ HTTP/1.1" 200 185
INFO 2025-07-01 11:15:44,542 views 27160 10812 從緩存返回數據: tracks
INFO 2025-07-01 11:15:44,544 basehttp 27160 10812 "GET /api/jamendo/tracks/popular/?limit=30 HTTP/1.1" 200 121492
INFO 2025-07-01 11:15:53,318 basehttp 27160 10812 "GET /api/jamendo/config/ HTTP/1.1" 200 112
INFO 2025-07-01 11:15:53,334 basehttp 27160 10812 "GET /api/jamendo/config/ HTTP/1.1" 200 112
INFO 2025-07-01 11:15:53,341 basehttp 27160 10812 "GET /api/jamendo/tags/ HTTP/1.1" 200 185
INFO 2025-07-01 11:15:53,350 views 27160 10812 從緩存返回數據: tracks
INFO 2025-07-01 11:15:53,353 basehttp 27160 10812 "GET /api/jamendo/tracks/popular/?limit=30 HTTP/1.1" 200 121492
INFO 2025-07-01 11:15:54,965 views 27160 10812 從緩存返回數據: tracks
INFO 2025-07-01 11:15:54,968 basehttp 27160 10812 "GET /api/jamendo/tracks/tag/?tag=rock&limit=30 HTTP/1.1" 200 127514
INFO 2025-07-01 11:15:56,189 views 27160 10812 從緩存返回數據: tracks
INFO 2025-07-01 11:15:56,192 basehttp 27160 10812 "GET /api/jamendo/tracks/tag/?tag=electronic&limit=30 HTTP/1.1" 200 119675
INFO 2025-07-01 11:15:58,925 views 27160 10812 Jamendo API 請求: https://api.jamendo.com/v3.0/tracks with params: {'client_id': '93957ee4', 'format': 'json', 'tags': 'jazz', 'include': 'musicinfo', 'audioformat': 'mp32', 'limit': 30}
INFO 2025-07-01 11:16:00,371 views 27160 10812 Jamendo API 響應成功: 30 項結果
INFO 2025-07-01 11:16:00,374 basehttp 27160 10812 "GET /api/jamendo/tracks/tag/?tag=jazz&limit=30 HTTP/1.1" 200 136596
INFO 2025-07-01 11:16:06,517 views 27160 10812 Jamendo API 請求: https://api.jamendo.com/v3.0/tracks with params: {'client_id': '93957ee4', 'format': 'json', 'tags': 'blues', 'include': 'musicinfo', 'audioformat': 'mp32', 'limit': 30}
INFO 2025-07-01 11:16:07,774 views 27160 10812 Jamendo API 響應成功: 30 項結果
INFO 2025-07-01 11:16:07,778 basehttp 27160 10812 "GET /api/jamendo/tracks/tag/?tag=blues&limit=30 HTTP/1.1" 200 128891
INFO 2025-07-01 11:16:09,104 views 27160 10812 從緩存返回數據: tracks
INFO 2025-07-01 11:16:09,108 basehttp 27160 10812 "GET /api/jamendo/tracks/tag/?tag=rock&limit=30 HTTP/1.1" 200 127514
INFO 2025-07-01 11:16:10,175 views 27160 10812 從緩存返回數據: tracks
INFO 2025-07-01 11:16:10,179 basehttp 27160 10812 "GET /api/jamendo/tracks/tag/?tag=electronic&limit=30 HTTP/1.1" 200 119675
INFO 2025-07-01 11:16:11,670 views 27160 10812 從緩存返回數據: tracks
INFO 2025-07-01 11:16:11,673 basehttp 27160 10812 "GET /api/jamendo/tracks/tag/?tag=reggae&limit=30 HTTP/1.1" 200 121426
INFO 2025-07-01 11:16:11,925 views 27160 10812 從緩存返回數據: tracks
INFO 2025-07-01 11:16:11,929 basehttp 27160 10812 "GET /api/jamendo/tracks/tag/?tag=reggae&limit=30 HTTP/1.1" 200 121426
INFO 2025-07-01 11:16:14,915 views 27160 10812 從緩存返回數據: tracks
INFO 2025-07-01 11:16:14,919 basehttp 27160 10812 "GET /api/jamendo/tracks/tag/?tag=jazz&limit=30 HTTP/1.1" 200 136596
INFO 2025-07-01 11:16:17,625 views 27160 10812 從緩存返回數據: tracks
INFO 2025-07-01 11:16:17,628 basehttp 27160 10812 "GET /api/jamendo/tracks/tag/?tag=rock&limit=30 HTTP/1.1" 200 127514
INFO 2025-07-01 11:24:21,517 autoreload 27160 20284 C:\Users\澄佑\Desktop\music-Frontend\music-streaming-platform\backend\apps\jamendo\views.py changed, reloading.
INFO 2025-07-01 11:24:22,168 autoreload 24156 24260 Watching for file changes with StatReloader
INFO 2025-07-01 11:27:18,058 autoreload 24156 24260 C:\Users\澄佑\Desktop\music-Frontend\music-streaming-platform\backend\apps\jamendo\views.py changed, reloading.
INFO 2025-07-01 11:27:18,699 autoreload 25952 11324 Watching for file changes with StatReloader
INFO 2025-07-01 11:27:23,205 basehttp 25952 27424 "GET /api/jamendo/config/ HTTP/1.1" 200 112
INFO 2025-07-01 11:27:23,220 basehttp 25952 27424 "GET /api/jamendo/config/ HTTP/1.1" 200 112
INFO 2025-07-01 11:27:23,229 basehttp 25952 27424 "GET /api/jamendo/tags/ HTTP/1.1" 200 271
INFO 2025-07-01 11:27:23,238 views 25952 27424 Jamendo API 請求: https://api.jamendo.com/v3.0/tracks with params: {'client_id': '93957ee4', 'format': 'json', 'order': 'popularity_total', 'include': 'musicinfo', 'audioformat': 'mp32', 'limit': 30}
INFO 2025-07-01 11:27:24,245 views 25952 27424 Jamendo API 響應成功: 30 項結果
INFO 2025-07-01 11:27:24,248 basehttp 25952 27424 "GET /api/jamendo/tracks/popular/?limit=30 HTTP/1.1" 200 121498
INFO 2025-07-01 11:27:25,666 views 25952 27424 Jamendo API 請求: https://api.jamendo.com/v3.0/tracks with params: {'client_id': '93957ee4', 'format': 'json', 'tags': 'pop', 'include': 'musicinfo', 'audioformat': 'mp32', 'limit': 30}
INFO 2025-07-01 11:27:26,587 views 25952 27424 Jamendo API 響應成功: 30 項結果
INFO 2025-07-01 11:27:26,591 basehttp 25952 27424 "GET /api/jamendo/tracks/tag/?tag=pop&limit=30 HTTP/1.1" 200 128620
INFO 2025-07-01 11:27:28,733 views 25952 27424 Jamendo API 請求: https://api.jamendo.com/v3.0/tracks with params: {'client_id': '93957ee4', 'format': 'json', 'tags': 'electronic', 'include': 'musicinfo', 'audioformat': 'mp32', 'limit': 30}
INFO 2025-07-01 11:27:29,826 views 25952 27424 Jamendo API 響應成功: 30 項結果
INFO 2025-07-01 11:27:29,830 basehttp 25952 27424 "GET /api/jamendo/tracks/tag/?tag=electronic&limit=30 HTTP/1.1" 200 119603
INFO 2025-07-01 11:27:31,238 views 25952 27424 Jamendo API 請求: https://api.jamendo.com/v3.0/tracks with params: {'client_id': '93957ee4', 'format': 'json', 'tags': 'soundtrack', 'include': 'musicinfo', 'audioformat': 'mp32', 'limit': 30}
INFO 2025-07-01 11:27:32,184 views 25952 27424 Jamendo API 響應成功: 30 項結果
INFO 2025-07-01 11:27:32,187 basehttp 25952 27424 "GET /api/jamendo/tracks/tag/?tag=soundtrack&limit=30 HTTP/1.1" 200 129173
INFO 2025-07-01 11:27:35,882 views 25952 27424 Jamendo API 請求: https://api.jamendo.com/v3.0/tracks with params: {'client_id': '93957ee4', 'format': 'json', 'tags': 'lounge', 'include': 'musicinfo', 'audioformat': 'mp32', 'limit': 30}
INFO 2025-07-01 11:27:36,883 views 25952 27424 Jamendo API 響應成功: 30 項結果
INFO 2025-07-01 11:27:36,887 basehttp 25952 27424 "GET /api/jamendo/tracks/tag/?tag=lounge&limit=30 HTTP/1.1" 200 120619
INFO 2025-07-01 11:27:39,884 views 25952 27424 Jamendo API 請求: https://api.jamendo.com/v3.0/tracks with params: {'client_id': '93957ee4', 'format': 'json', 'tags': 'classical', 'include': 'musicinfo', 'audioformat': 'mp32', 'limit': 30}
INFO 2025-07-01 11:27:40,858 views 25952 27424 Jamendo API 響應成功: 30 項結果
INFO 2025-07-01 11:27:40,862 basehttp 25952 27424 "GET /api/jamendo/tracks/tag/?tag=classical&limit=30 HTTP/1.1" 200 120556
INFO 2025-07-01 11:28:06,984 basehttp 25952 27424 "GET /api/jamendo/config/ HTTP/1.1" 200 112
INFO 2025-07-01 11:28:06,991 basehttp 25952 27424 "GET /api/jamendo/tags/ HTTP/1.1" 200 271
INFO 2025-07-01 11:28:07,009 views 25952 27424 從緩存返回數據: tracks
INFO 2025-07-01 11:28:07,013 basehttp 25952 27424 "GET /api/jamendo/tracks/popular/?limit=30 HTTP/1.1" 200 121498
INFO 2025-07-01 11:28:08,491 basehttp 25952 27424 "GET /api/jamendo/config/ HTTP/1.1" 200 112
INFO 2025-07-01 11:28:08,499 basehttp 25952 27424 "GET /api/jamendo/tags/ HTTP/1.1" 200 271
INFO 2025-07-01 11:28:08,512 views 25952 27424 從緩存返回數據: tracks
INFO 2025-07-01 11:28:08,515 basehttp 25952 27424 "GET /api/jamendo/tracks/popular/?limit=30 HTTP/1.1" 200 121498
INFO 2025-07-01 11:28:09,961 basehttp 25952 27424 "GET /api/jamendo/config/ HTTP/1.1" 200 112
INFO 2025-07-01 11:28:09,969 basehttp 25952 27424 "GET /api/jamendo/tags/ HTTP/1.1" 200 271
INFO 2025-07-01 11:28:09,985 views 25952 27424 從緩存返回數據: tracks
INFO 2025-07-01 11:28:09,990 basehttp 25952 27424 "GET /api/jamendo/tracks/popular/?limit=30 HTTP/1.1" 200 121498
INFO 2025-07-01 11:28:27,730 basehttp 25952 27424 "GET /api/jamendo/config/ HTTP/1.1" 200 112
INFO 2025-07-01 11:28:27,740 basehttp 25952 27424 "GET /api/jamendo/tags/ HTTP/1.1" 200 271
INFO 2025-07-01 11:28:27,782 views 25952 27424 從緩存返回數據: tracks
INFO 2025-07-01 11:28:27,785 basehttp 25952 27424 "GET /api/jamendo/tracks/popular/?limit=30 HTTP/1.1" 200 121498
INFO 2025-07-01 11:31:44,502 views 25952 27424 Jamendo API 請求: https://api.jamendo.com/v3.0/tracks with params: {'client_id': '93957ee4', 'format': 'json', 'tags': 'rock', 'include': 'musicinfo', 'audioformat': 'mp32', 'limit': 30}
INFO 2025-07-01 11:31:45,759 views 25952 27424 Jamendo API 響應成功: 30 項結果
INFO 2025-07-01 11:31:45,761 basehttp 25952 27424 "GET /api/jamendo/tracks/tag/?tag=rock&limit=30 HTTP/1.1" 200 123970
INFO 2025-07-01 11:34:23,777 views 25952 27424 從緩存返回數據: tracks
INFO 2025-07-01 11:34:23,780 basehttp 25952 27424 "GET /api/jamendo/tracks/tag/?tag=electronic&limit=30 HTTP/1.1" 200 119603
INFO 2025-07-01 11:34:29,006 views 25952 27424 Jamendo API 請求: https://api.jamendo.com/v3.0/tracks with params: {'client_id': '93957ee4', 'format': 'json', 'tags': 'world', 'include': 'musicinfo', 'audioformat': 'mp32', 'limit': 30}
INFO 2025-07-01 11:34:30,260 views 25952 27424 Jamendo API 響應成功: 30 項結果
INFO 2025-07-01 11:34:30,264 basehttp 25952 27424 "GET /api/jamendo/tracks/tag/?tag=world&limit=30 HTTP/1.1" 200 124986
INFO 2025-07-01 11:34:30,415 views 25952 27424 從緩存返回數據: tracks
INFO 2025-07-01 11:34:30,417 basehttp 25952 27424 "GET /api/jamendo/tracks/tag/?tag=electronic&limit=30 HTTP/1.1" 200 119603
INFO 2025-07-01 11:34:34,347 views 25952 27424 從緩存返回數據: tracks
INFO 2025-07-01 11:34:34,350 basehttp 25952 27424 "GET /api/jamendo/tracks/tag/?tag=rock&limit=30 HTTP/1.1" 200 123970
INFO 2025-07-01 11:42:41,718 basehttp 25952 9712 "GET /api/jamendo/config/ HTTP/1.1" 200 112
INFO 2025-07-01 11:42:41,739 basehttp 25952 9712 "GET /api/jamendo/config/ HTTP/1.1" 200 112
INFO 2025-07-01 11:42:41,751 basehttp 25952 9712 "GET /api/jamendo/tags/ HTTP/1.1" 200 271
INFO 2025-07-01 11:42:41,764 views 25952 9712 從緩存返回數據: tracks
INFO 2025-07-01 11:42:41,766 basehttp 25952 9712 "GET /api/jamendo/tracks/popular/?limit=30 HTTP/1.1" 200 121498
INFO 2025-07-01 11:43:34,325 basehttp 25952 9712 "GET /api/jamendo/config/ HTTP/1.1" 200 112
INFO 2025-07-01 11:43:34,357 basehttp 25952 9712 "GET /api/jamendo/config/ HTTP/1.1" 200 112
INFO 2025-07-01 11:43:34,370 basehttp 25952 9712 "GET /api/jamendo/tags/ HTTP/1.1" 200 271
INFO 2025-07-01 11:43:34,386 views 25952 9712 從緩存返回數據: tracks
INFO 2025-07-01 11:43:34,389 basehttp 25952 9712 "GET /api/jamendo/tracks/popular/?limit=30 HTTP/1.1" 200 121498
INFO 2025-07-01 12:15:41,672 autoreload 24688 23448 Watching for file changes with StatReloader
INFO 2025-07-01 12:16:04,852 basehttp 24688 26360 "GET /api/jamendo/config/ HTTP/1.1" 200 112
INFO 2025-07-01 12:16:04,862 basehttp 24688 26360 "GET /api/jamendo/config/ HTTP/1.1" 200 112
INFO 2025-07-01 12:16:04,868 basehttp 24688 26360 "GET /api/jamendo/tags/ HTTP/1.1" 200 271
INFO 2025-07-01 12:16:04,874 views 24688 26360 Jamendo API 請求: https://api.jamendo.com/v3.0/tracks with params: {'client_id': '93957ee4', 'format': 'json', 'order': 'popularity_total', 'include': 'musicinfo', 'audioformat': 'mp32', 'limit': 30}
INFO 2025-07-01 12:16:05,975 views 24688 26360 Jamendo API 響應成功: 30 項結果
INFO 2025-07-01 12:16:05,979 basehttp 24688 26360 "GET /api/jamendo/tracks/popular/?limit=30 HTTP/1.1" 200 121496
INFO 2025-07-01 12:16:07,245 views 24688 26360 Jamendo API 請求: https://api.jamendo.com/v3.0/tracks with params: {'client_id': '93957ee4', 'format': 'json', 'tags': 'pop', 'include': 'musicinfo', 'audioformat': 'mp32', 'limit': 30}
INFO 2025-07-01 12:16:08,262 views 24688 26360 Jamendo API 響應成功: 30 項結果
INFO 2025-07-01 12:16:08,266 basehttp 24688 26360 "GET /api/jamendo/tracks/tag/?tag=pop&limit=30 HTTP/1.1" 200 125183
INFO 2025-07-01 12:16:26,167 views 24688 26360 Jamendo API 請求: https://api.jamendo.com/v3.0/tracks with params: {'client_id': '93957ee4', 'format': 'json', 'tags': 'rock', 'include': 'musicinfo', 'audioformat': 'mp32', 'limit': 30}
INFO 2025-07-01 12:16:27,125 views 24688 26360 Jamendo API 響應成功: 30 項結果
INFO 2025-07-01 12:16:27,128 basehttp 24688 26360 "GET /api/jamendo/tracks/tag/?tag=rock&limit=30 HTTP/1.1" 200 124074
INFO 2025-07-01 12:17:14,083 views 24688 26360 Jamendo API 請求: https://api.jamendo.com/v3.0/tracks with params: {'client_id': '93957ee4', 'format': 'json', 'search': 'i', 'include': 'musicinfo', 'audioformat': 'mp32', 'limit': 30}
INFO 2025-07-01 12:17:15,087 views 24688 26360 Jamendo API 響應成功: 30 項結果
INFO 2025-07-01 12:17:15,092 basehttp 24688 26360 "GET /api/jamendo/search/?q=i&limit=30 HTTP/1.1" 200 147593
INFO 2025-07-01 12:17:15,480 views 24688 26360 Jamendo API 請求: https://api.jamendo.com/v3.0/tracks with params: {'client_id': '93957ee4', 'format': 'json', 'search': 'iu', 'include': 'musicinfo', 'audioformat': 'mp32', 'limit': 30}
INFO 2025-07-01 12:17:16,320 views 24688 26360 Jamendo API 響應成功: 3 項結果
INFO 2025-07-01 12:17:16,322 basehttp 24688 26360 "GET /api/jamendo/search/?q=iu&limit=30 HTTP/1.1" 200 11983
INFO 2025-07-01 12:17:23,651 views 24688 26360 Jamendo API 請求: https://api.jamendo.com/v3.0/tracks with params: {'client_id': '93957ee4', 'format': 'json', 'search': 'j', 'include': 'musicinfo', 'audioformat': 'mp32', 'limit': 30}
INFO 2025-07-01 12:17:24,721 views 24688 26360 Jamendo API 響應成功: 30 項結果
INFO 2025-07-01 12:17:24,725 basehttp 24688 26360 "GET /api/jamendo/search/?q=j&limit=30 HTTP/1.1" 200 130896
INFO 2025-07-01 12:17:25,831 views 24688 26360 Jamendo API 請求: https://api.jamendo.com/v3.0/tracks with params: {'client_id': '93957ee4', 'format': 'json', 'search': 'ja', 'include': 'musicinfo', 'audioformat': 'mp32', 'limit': 30}
INFO 2025-07-01 12:17:26,832 views 24688 26360 Jamendo API 響應成功: 30 項結果
INFO 2025-07-01 12:17:26,836 basehttp 24688 26360 "GET /api/jamendo/search/?q=ja&limit=30 HTTP/1.1" 200 121278
INFO 2025-07-01 12:17:27,388 views 24688 26360 Jamendo API 請求: https://api.jamendo.com/v3.0/tracks with params: {'client_id': '93957ee4', 'format': 'json', 'search': 'jazz', 'include': 'musicinfo', 'audioformat': 'mp32', 'limit': 30}
INFO 2025-07-01 12:17:28,908 views 24688 26360 Jamendo API 響應成功: 30 項結果
INFO 2025-07-01 12:17:28,912 basehttp 24688 26360 "GET /api/jamendo/search/?q=jazz&limit=30 HTTP/1.1" 200 136752
INFO 2025-07-01 12:17:33,790 views 24688 26360 從緩存返回數據: tracks
INFO 2025-07-01 12:17:33,793 basehttp 24688 26360 "GET /api/jamendo/tracks/tag/?tag=rock&limit=30 HTTP/1.1" 200 124074
INFO 2025-07-01 12:18:08,453 views 24688 26360 Jamendo API 請求: https://api.jamendo.com/v3.0/tracks with params: {'client_id': '93957ee4', 'format': 'json', 'order': 'releasedate_desc', 'include': 'musicinfo', 'audioformat': 'mp32', 'limit': 30}
INFO 2025-07-01 12:18:09,665 views 24688 26360 Jamendo API 響應成功: 30 項結果
INFO 2025-07-01 12:18:09,669 basehttp 24688 26360 "GET /api/jamendo/tracks/latest/?limit=30 HTTP/1.1" 200 147609
INFO 2025-07-01 12:18:16,704 views 24688 26360 從緩存返回數據: tracks
INFO 2025-07-01 12:18:16,707 basehttp 24688 26360 "GET /api/jamendo/tracks/popular/?limit=30 HTTP/1.1" 200 121496
INFO 2025-07-01 12:18:21,345 views 24688 26360 從緩存返回數據: tracks
INFO 2025-07-01 12:18:21,349 basehttp 24688 26360 "GET /api/jamendo/tracks/popular/?limit=30 HTTP/1.1" 200 121496
INFO 2025-07-01 12:18:21,908 views 24688 26360 從緩存返回數據: tracks
INFO 2025-07-01 12:18:21,910 basehttp 24688 26360 "GET /api/jamendo/tracks/latest/?limit=30 HTTP/1.1" 200 147609
INFO 2025-07-01 12:18:23,658 basehttp 24688 26360 "GET /api/jamendo/tracks/random/?limit=30 HTTP/1.1" 200 410
INFO 2025-07-01 12:18:36,692 views 24688 26360 從緩存返回數據: tracks
INFO 2025-07-01 12:18:36,696 basehttp 24688 26360 "GET /api/jamendo/tracks/latest/?limit=30 HTTP/1.1" 200 147609
INFO 2025-07-01 12:18:37,869 views 24688 26360 從緩存返回數據: tracks
INFO 2025-07-01 12:18:37,872 basehttp 24688 26360 "GET /api/jamendo/tracks/popular/?limit=30 HTTP/1.1" 200 121496
INFO 2025-07-01 12:18:39,811 views 24688 26360 從緩存返回數據: tracks
INFO 2025-07-01 12:18:39,814 basehttp 24688 26360 "GET /api/jamendo/tracks/latest/?limit=30 HTTP/1.1" 200 147609
INFO 2025-07-01 12:18:40,695 views 24688 26360 從緩存返回數據: tracks
INFO 2025-07-01 12:18:40,698 basehttp 24688 26360 "GET /api/jamendo/tracks/popular/?limit=30 HTTP/1.1" 200 121496
INFO 2025-07-01 12:18:41,745 views 24688 26360 從緩存返回數據: tracks
INFO 2025-07-01 12:18:41,749 basehttp 24688 26360 "GET /api/jamendo/tracks/latest/?limit=30 HTTP/1.1" 200 147609
INFO 2025-07-01 12:18:43,441 views 24688 26360 從緩存返回數據: tracks
INFO 2025-07-01 12:18:43,444 basehttp 24688 26360 "GET /api/jamendo/tracks/popular/?limit=30 HTTP/1.1" 200 121496
INFO 2025-07-01 12:18:47,828 basehttp 24688 26360 "GET /api/jamendo/tracks/random/?limit=30 HTTP/1.1" 200 410
INFO 2025-07-01 12:18:49,164 views 24688 26360 從緩存返回數據: tracks
INFO 2025-07-01 12:18:49,168 basehttp 24688 26360 "GET /api/jamendo/tracks/popular/?limit=30 HTTP/1.1" 200 121496
INFO 2025-07-01 12:18:49,617 views 24688 26360 從緩存返回數據: tracks
INFO 2025-07-01 12:18:49,619 basehttp 24688 26360 "GET /api/jamendo/tracks/latest/?limit=30 HTTP/1.1" 200 147609
INFO 2025-07-01 12:19:21,474 views 24688 26360 從緩存返回數據: tracks
INFO 2025-07-01 12:19:21,476 basehttp 24688 26360 "GET /api/jamendo/tracks/popular/?limit=30 HTTP/1.1" 200 121496
INFO 2025-07-01 12:19:25,801 views 24688 26360 從緩存返回數據: tracks
INFO 2025-07-01 12:19:25,804 basehttp 24688 26360 "GET /api/jamendo/tracks/popular/?limit=30 HTTP/1.1" 200 121496
INFO 2025-07-01 12:19:26,243 views 24688 26360 從緩存返回數據: tracks
INFO 2025-07-01 12:19:26,246 basehttp 24688 26360 "GET /api/jamendo/tracks/latest/?limit=30 HTTP/1.1" 200 147609
INFO 2025-07-01 12:19:27,413 views 24688 26360 從緩存返回數據: tracks
INFO 2025-07-01 12:19:27,416 basehttp 24688 26360 "GET /api/jamendo/tracks/tag/?tag=pop&limit=30 HTTP/1.1" 200 125183
INFO 2025-07-01 12:47:23,068 basehttp 24688 14644 "GET /api/jamendo/config/ HTTP/1.1" 200 112
INFO 2025-07-01 12:47:23,088 basehttp 24688 14644 "GET /api/jamendo/config/ HTTP/1.1" 200 112
INFO 2025-07-01 12:47:23,098 basehttp 24688 14644 "GET /api/jamendo/tags/ HTTP/1.1" 200 271
INFO 2025-07-01 12:47:23,115 views 24688 14644 從緩存返回數據: tracks
INFO 2025-07-01 12:47:23,116 basehttp 24688 14644 "GET /api/jamendo/tracks/popular/?limit=30 HTTP/1.1" 200 121496
INFO 2025-07-01 12:47:26,757 basehttp 24688 14644 "GET /api/jamendo/config/ HTTP/1.1" 200 112
INFO 2025-07-01 12:47:26,769 basehttp 24688 14644 "GET /api/jamendo/config/ HTTP/1.1" 200 112
INFO 2025-07-01 12:47:26,777 basehttp 24688 14644 "GET /api/jamendo/tags/ HTTP/1.1" 200 271
INFO 2025-07-01 12:47:26,785 views 24688 14644 從緩存返回數據: tracks
INFO 2025-07-01 12:47:26,788 basehttp 24688 14644 "GET /api/jamendo/tracks/popular/?limit=30 HTTP/1.1" 200 121496
INFO 2025-07-01 12:47:55,187 views 24688 14644 Jamendo API 請求: https://api.jamendo.com/v3.0/tracks with params: {'client_id': '93957ee4', 'format': 'json', 'tags': 'pop', 'include': 'musicinfo', 'audioformat': 'mp32', 'limit': 3}
INFO 2025-07-01 12:47:56,250 views 24688 14644 Jamendo API 響應成功: 3 項結果
INFO 2025-07-01 12:47:56,253 basehttp 24688 14644 "GET /api/jamendo/tracks/tag/?tag=pop&limit=3 HTTP/1.1" 200 12123
INFO 2025-07-01 12:47:56,260 views 24688 14644 Jamendo API 請求: https://api.jamendo.com/v3.0/tracks with params: {'client_id': '93957ee4', 'format': 'json', 'tags': 'pop', 'include': 'musicinfo', 'audioformat': 'mp32', 'limit': 5}
INFO 2025-07-01 12:47:57,118 views 24688 14644 Jamendo API 響應成功: 5 項結果
INFO 2025-07-01 12:47:57,121 basehttp 24688 14644 "GET /api/jamendo/tracks/tag/?tag=pop&limit=5 HTTP/1.1" 200 20077
INFO 2025-07-01 12:47:57,128 views 24688 14644 Jamendo API 請求: https://api.jamendo.com/v3.0/tracks with params: {'client_id': '93957ee4', 'format': 'json', 'tags': 'rock', 'include': 'musicinfo', 'audioformat': 'mp32', 'limit': 1}
INFO 2025-07-01 12:47:57,924 views 24688 14644 Jamendo API 響應成功: 1 項結果
INFO 2025-07-01 12:47:57,926 basehttp 24688 14644 "GET /api/jamendo/tracks/tag/?tag=rock&limit=1 HTTP/1.1" 200 4255
INFO 2025-07-01 12:48:05,303 views 24688 14644 從緩存返回數據: tracks
INFO 2025-07-01 12:48:05,304 basehttp 24688 14644 "GET /api/jamendo/tracks/tag/?tag=pop&limit=3 HTTP/1.1" 200 12123
INFO 2025-07-01 12:48:05,312 views 24688 14644 從緩存返回數據: tracks
INFO 2025-07-01 12:48:05,313 basehttp 24688 14644 "GET /api/jamendo/tracks/tag/?tag=pop&limit=5 HTTP/1.1" 200 20077
INFO 2025-07-01 12:48:05,323 views 24688 14644 從緩存返回數據: tracks
INFO 2025-07-01 12:48:05,324 basehttp 24688 14644 "GET /api/jamendo/tracks/tag/?tag=rock&limit=1 HTTP/1.1" 200 4255
INFO 2025-07-01 12:48:16,703 views 24688 14644 Jamendo API 請求: https://api.jamendo.com/v3.0/tracks with params: {'client_id': '93957ee4', 'format': 'json', 'tags': 'rock', 'include': 'musicinfo', 'audioformat': 'mp32', 'limit': 3}
INFO 2025-07-01 12:48:17,876 views 24688 14644 Jamendo API 響應成功: 3 項結果
INFO 2025-07-01 12:48:17,879 basehttp 24688 14644 "GET /api/jamendo/tracks/tag/?tag=rock&limit=3 HTTP/1.1" 200 12198
INFO 2025-07-01 12:48:17,887 views 24688 14644 從緩存返回數據: tracks
INFO 2025-07-01 12:48:17,890 basehttp 24688 14644 "GET /api/jamendo/tracks/tag/?tag=pop&limit=5 HTTP/1.1" 200 20077
INFO 2025-07-01 12:48:17,898 views 24688 14644 從緩存返回數據: tracks
INFO 2025-07-01 12:48:17,900 basehttp 24688 14644 "GET /api/jamendo/tracks/tag/?tag=rock&limit=1 HTTP/1.1" 200 4255
INFO 2025-07-01 12:50:00,932 views 24688 14644 從緩存返回數據: tracks
INFO 2025-07-01 12:50:00,935 basehttp 24688 14644 "GET /api/jamendo/tracks/popular/?limit=30 HTTP/1.1" 200 121496
INFO 2025-07-01 12:50:08,860 views 24688 14644 從緩存返回數據: tracks
INFO 2025-07-01 12:50:08,862 basehttp 24688 14644 "GET /api/jamendo/tracks/tag/?tag=rock&limit=3 HTTP/1.1" 200 12198
INFO 2025-07-01 12:50:08,874 views 24688 14644 從緩存返回數據: tracks
INFO 2025-07-01 12:50:08,877 basehttp 24688 14644 "GET /api/jamendo/tracks/tag/?tag=pop&limit=5 HTTP/1.1" 200 20077
INFO 2025-07-01 12:50:08,887 views 24688 14644 從緩存返回數據: tracks
INFO 2025-07-01 12:50:08,888 basehttp 24688 14644 "GET /api/jamendo/tracks/tag/?tag=rock&limit=1 HTTP/1.1" 200 4255
INFO 2025-07-01 12:51:10,684 views 24688 14644 Jamendo API 請求: https://api.jamendo.com/v3.0/tracks with params: {'client_id': '93957ee4', 'format': 'json', 'tags': 'hiphop', 'include': 'musicinfo', 'audioformat': 'mp32', 'limit': 1}
INFO 2025-07-01 12:51:11,497 views 24688 14644 Jamendo API 響應成功: 1 項結果
INFO 2025-07-01 12:51:11,500 basehttp 24688 14644 "GET /api/jamendo/tracks/tag/?tag=hiphop&limit=1 HTTP/1.1" 200 4075
INFO 2025-07-01 12:51:11,509 views 24688 14644 從緩存返回數據: tracks
INFO 2025-07-01 12:51:11,511 basehttp 24688 14644 "GET /api/jamendo/tracks/tag/?tag=pop&limit=5 HTTP/1.1" 200 20077
INFO 2025-07-01 12:51:11,522 views 24688 14644 從緩存返回數據: tracks
INFO 2025-07-01 12:51:11,524 basehttp 24688 14644 "GET /api/jamendo/tracks/tag/?tag=rock&limit=1 HTTP/1.1" 200 4255
INFO 2025-07-01 12:52:58,047 views 24688 14644 從緩存返回數據: tracks
INFO 2025-07-01 12:52:58,049 basehttp 24688 14644 "GET /api/jamendo/tracks/tag/?tag=hiphop&limit=1 HTTP/1.1" 200 4075
INFO 2025-07-01 12:52:58,058 views 24688 14644 從緩存返回數據: tracks
INFO 2025-07-01 12:52:58,060 basehttp 24688 14644 "GET /api/jamendo/tracks/tag/?tag=pop&limit=5 HTTP/1.1" 200 20077
INFO 2025-07-01 12:52:58,070 views 24688 14644 從緩存返回數據: tracks
INFO 2025-07-01 12:52:58,072 basehttp 24688 14644 "GET /api/jamendo/tracks/tag/?tag=rock&limit=1 HTTP/1.1" 200 4255
INFO 2025-07-01 12:53:20,990 views 24688 14644 Jamendo API 請求: https://api.jamendo.com/v3.0/tracks with params: {'client_id': '93957ee4', 'format': 'json', 'tags': 'jazz', 'include': 'musicinfo', 'audioformat': 'mp32', 'limit': 1}
INFO 2025-07-01 12:53:21,926 views 24688 14644 Jamendo API 響應成功: 1 項結果
INFO 2025-07-01 12:53:21,928 basehttp 24688 14644 "GET /api/jamendo/tracks/tag/?tag=jazz&limit=1 HTTP/1.1" 200 5167
INFO 2025-07-01 12:53:21,935 views 24688 14644 Jamendo API 請求: https://api.jamendo.com/v3.0/tracks with params: {'client_id': '93957ee4', 'format': 'json', 'tags': 'pop', 'include': 'musicinfo', 'audioformat': 'mp32', 'limit': 2}
INFO 2025-07-01 12:53:22,887 views 24688 14644 Jamendo API 響應成功: 2 項結果
INFO 2025-07-01 12:53:22,889 basehttp 24688 14644 "GET /api/jamendo/tracks/tag/?tag=pop&limit=2 HTTP/1.1" 200 8082
INFO 2025-07-01 12:53:22,896 views 24688 14644 Jamendo API 請求: https://api.jamendo.com/v3.0/tracks with params: {'client_id': '93957ee4', 'format': 'json', 'tags': 'pop', 'include': 'musicinfo', 'audioformat': 'mp32', 'limit': 1}
INFO 2025-07-01 12:53:23,962 views 24688 14644 Jamendo API 響應成功: 1 項結果
INFO 2025-07-01 12:53:23,964 basehttp 24688 14644 "GET /api/jamendo/tracks/tag/?tag=pop&limit=1 HTTP/1.1" 200 4038
INFO 2025-07-01 13:04:36,527 basehttp 24688 8584 "GET /api/jamendo/config/ HTTP/1.1" 200 112
INFO 2025-07-01 13:04:36,546 basehttp 24688 8584 "GET /api/jamendo/config/ HTTP/1.1" 200 112
INFO 2025-07-01 13:04:36,558 basehttp 24688 8584 "GET /api/jamendo/tags/ HTTP/1.1" 200 271
INFO 2025-07-01 13:04:36,576 views 24688 8584 從緩存返回數據: tracks
INFO 2025-07-01 13:04:36,578 basehttp 24688 8584 "GET /api/jamendo/tracks/popular/?limit=30 HTTP/1.1" 200 121496
INFO 2025-07-01 13:06:37,119 basehttp 24688 19524 "GET /api/jamendo/config/ HTTP/1.1" 200 112
INFO 2025-07-01 13:06:37,130 basehttp 24688 19524 "GET /api/jamendo/config/ HTTP/1.1" 200 112
INFO 2025-07-01 13:06:37,142 basehttp 24688 19524 "GET /api/jamendo/tags/ HTTP/1.1" 200 271
INFO 2025-07-01 13:06:37,156 views 24688 19524 從緩存返回數據: tracks
INFO 2025-07-01 13:06:37,159 basehttp 24688 19524 "GET /api/jamendo/tracks/popular/?limit=30 HTTP/1.1" 200 121496
INFO 2025-07-01 13:06:41,548 basehttp 24688 19524 "GET /api/jamendo/config/ HTTP/1.1" 200 112
INFO 2025-07-01 13:06:41,558 basehttp 24688 19524 "GET /api/jamendo/config/ HTTP/1.1" 200 112
INFO 2025-07-01 13:06:41,564 basehttp 24688 19524 "GET /api/jamendo/tags/ HTTP/1.1" 200 271
INFO 2025-07-01 13:06:41,578 views 24688 19524 從緩存返回數據: tracks
INFO 2025-07-01 13:06:41,579 basehttp 24688 19524 "GET /api/jamendo/tracks/popular/?limit=30 HTTP/1.1" 200 121496
INFO 2025-07-01 13:06:47,417 views 24688 19524 從緩存返回數據: tracks
INFO 2025-07-01 13:06:47,420 basehttp 24688 19524 "GET /api/jamendo/tracks/tag/?tag=pop&limit=30 HTTP/1.1" 200 125183
INFO 2025-07-01 13:06:48,887 views 24688 19524 從緩存返回數據: tracks
INFO 2025-07-01 13:06:48,890 basehttp 24688 19524 "GET /api/jamendo/tracks/tag/?tag=rock&limit=30 HTTP/1.1" 200 124074
INFO 2025-07-01 13:07:02,161 views 24688 19524 Jamendo API 請求: https://api.jamendo.com/v3.0/tracks with params: {'client_id': '93957ee4', 'format': 'json', 'tags': 'jazz', 'include': 'musicinfo', 'audioformat': 'mp32', 'limit': 10}
INFO 2025-07-01 13:07:03,183 views 24688 19524 Jamendo API 響應成功: 10 項結果
INFO 2025-07-01 13:07:03,185 basehttp 24688 19524 "GET /api/jamendo/tracks/tag/?tag=jazz&limit=10 HTTP/1.1" 200 49680
INFO 2025-07-01 13:07:03,194 views 24688 19524 Jamendo API 請求: https://api.jamendo.com/v3.0/tracks with params: {'client_id': '93957ee4', 'format': 'json', 'tags': 'pop', 'include': 'musicinfo', 'audioformat': 'mp32', 'limit': 10}
INFO 2025-07-01 13:07:04,348 views 24688 19524 Jamendo API 響應成功: 10 項結果
INFO 2025-07-01 13:07:04,351 basehttp 24688 19524 "GET /api/jamendo/tracks/tag/?tag=pop&limit=10 HTTP/1.1" 200 40348
INFO 2025-07-01 13:07:04,358 views 24688 19524 Jamendo API 請求: https://api.jamendo.com/v3.0/tracks with params: {'client_id': '93957ee4', 'format': 'json', 'tags': 'rock', 'include': 'musicinfo', 'audioformat': 'mp32', 'limit': 10}
INFO 2025-07-01 13:07:05,343 views 24688 19524 Jamendo API 響應成功: 10 項結果
INFO 2025-07-01 13:07:05,345 basehttp 24688 19524 "GET /api/jamendo/tracks/tag/?tag=rock&limit=10 HTTP/1.1" 200 41929
INFO 2025-07-01 13:07:22,366 views 24688 19524 從緩存返回數據: tracks
INFO 2025-07-01 13:07:22,369 basehttp 24688 19524 "GET /api/jamendo/tracks/tag/?tag=jazz&limit=10 HTTP/1.1" 200 49680
INFO 2025-07-01 13:07:22,379 views 24688 19524 Jamendo API 請求: https://api.jamendo.com/v3.0/tracks with params: {'client_id': '93957ee4', 'format': 'json', 'tags': 'metal', 'include': 'musicinfo', 'audioformat': 'mp32', 'limit': 10}
INFO 2025-07-01 13:07:23,390 views 24688 19524 Jamendo API 響應成功: 10 項結果
INFO 2025-07-01 13:07:23,393 basehttp 24688 19524 "GET /api/jamendo/tracks/tag/?tag=metal&limit=10 HTTP/1.1" 200 40114
INFO 2025-07-01 13:07:23,403 views 24688 19524 從緩存返回數據: tracks
INFO 2025-07-01 13:07:23,406 basehttp 24688 19524 "GET /api/jamendo/tracks/tag/?tag=rock&limit=10 HTTP/1.1" 200 41929
INFO 2025-07-01 13:11:53,842 views 24688 15680 從緩存返回數據: tracks
INFO 2025-07-01 13:11:53,844 basehttp 24688 15680 "GET /api/jamendo/tracks/tag/?tag=rock&limit=30 HTTP/1.1" 200 124074
INFO 2025-07-01 13:11:56,783 views 24688 22880 從緩存返回數據: tracks
INFO 2025-07-01 13:11:56,785 basehttp 24688 22880 "GET /api/jamendo/tracks/tag/?tag=pop&limit=10 HTTP/1.1" 200 40348
INFO 2025-07-01 13:11:56,800 views 24688 22880 Jamendo API 請求: https://api.jamendo.com/v3.0/tracks with params: {'client_id': '93957ee4', 'format': 'json', 'tags': 'electronic', 'include': 'musicinfo', 'audioformat': 'mp32', 'limit': 10}
INFO 2025-07-01 13:11:57,795 views 24688 22880 Jamendo API 響應成功: 10 項結果
INFO 2025-07-01 13:11:57,797 basehttp 24688 22880 "GET /api/jamendo/tracks/tag/?tag=electronic&limit=10 HTTP/1.1" 200 40196
INFO 2025-07-01 13:11:57,816 views 24688 22880 從緩存返回數據: tracks
INFO 2025-07-01 13:11:57,818 basehttp 24688 22880 "GET /api/jamendo/tracks/tag/?tag=rock&limit=10 HTTP/1.1" 200 41929
INFO 2025-07-01 13:14:07,478 views 24688 22880 從緩存返回數據: tracks
INFO 2025-07-01 13:14:07,480 basehttp 24688 22880 "GET /api/jamendo/tracks/tag/?tag=pop&limit=30 HTTP/1.1" 200 125183
INFO 2025-07-01 13:14:13,068 views 24688 22880 Jamendo API 請求: https://api.jamendo.com/v3.0/tracks with params: {'client_id': '93957ee4', 'format': 'json', 'order': 'releasedate_desc', 'include': 'musicinfo', 'audioformat': 'mp32', 'limit': 30}
INFO 2025-07-01 13:14:13,999 views 24688 22880 Jamendo API 響應成功: 30 項結果
INFO 2025-07-01 13:14:14,003 basehttp 24688 22880 "GET /api/jamendo/tracks/latest/?limit=30 HTTP/1.1" 200 147629
INFO 2025-07-01 13:14:14,845 views 24688 22880 從緩存返回數據: tracks
INFO 2025-07-01 13:14:14,848 basehttp 24688 22880 "GET /api/jamendo/tracks/popular/?limit=30 HTTP/1.1" 200 121496
INFO 2025-07-01 13:20:42,442 basehttp 24688 23744 "GET /api/jamendo/config/ HTTP/1.1" 200 112
INFO 2025-07-01 13:20:42,461 basehttp 24688 23744 "GET /api/jamendo/config/ HTTP/1.1" 200 112
INFO 2025-07-01 13:20:42,472 basehttp 24688 23744 "GET /api/jamendo/tags/ HTTP/1.1" 200 271
INFO 2025-07-01 13:20:42,489 views 24688 23744 Jamendo API 請求: https://api.jamendo.com/v3.0/tracks with params: {'client_id': '93957ee4', 'format': 'json', 'order': 'popularity_total', 'include': 'musicinfo', 'audioformat': 'mp32', 'limit': 30}
INFO 2025-07-01 13:20:43,341 views 24688 23744 Jamendo API 響應成功: 30 項結果
INFO 2025-07-01 13:20:43,344 basehttp 24688 23744 "GET /api/jamendo/tracks/popular/?limit=30 HTTP/1.1" 200 121492
INFO 2025-07-01 13:20:46,049 basehttp 24688 23744 "GET /api/jamendo/config/ HTTP/1.1" 200 112
INFO 2025-07-01 13:20:46,065 basehttp 24688 23744 "GET /api/jamendo/config/ HTTP/1.1" 200 112
INFO 2025-07-01 13:20:46,071 basehttp 24688 23744 "GET /api/jamendo/tags/ HTTP/1.1" 200 271
INFO 2025-07-01 13:20:46,077 views 24688 23744 從緩存返回數據: tracks
INFO 2025-07-01 13:20:46,079 basehttp 24688 23744 "GET /api/jamendo/tracks/popular/?limit=30 HTTP/1.1" 200 121492
INFO 2025-07-01 13:20:58,723 views 24688 23744 Jamendo API 請求: https://api.jamendo.com/v3.0/tracks with params: {'client_id': '93957ee4', 'format': 'json', 'tags': 'pop', 'include': 'musicinfo', 'audioformat': 'mp32', 'limit': 15}
INFO 2025-07-01 13:20:59,552 views 24688 23744 Jamendo API 響應成功: 15 項結果
INFO 2025-07-01 13:20:59,555 basehttp 24688 23744 "GET /api/jamendo/tracks/tag/?tag=pop&limit=15 HTTP/1.1" 200 64094
INFO 2025-07-01 13:20:59,562 views 24688 23744 從緩存返回數據: tracks
INFO 2025-07-01 13:20:59,565 basehttp 24688 23744 "GET /api/jamendo/tracks/tag/?tag=pop&limit=15 HTTP/1.1" 200 64094
INFO 2025-07-01 13:20:59,573 views 24688 23744 Jamendo API 請求: https://api.jamendo.com/v3.0/tracks with params: {'client_id': '93957ee4', 'format': 'json', 'tags': 'rock', 'include': 'musicinfo', 'audioformat': 'mp32', 'limit': 15}
INFO 2025-07-01 13:21:00,434 views 24688 23744 Jamendo API 響應成功: 15 項結果
INFO 2025-07-01 13:21:00,436 basehttp 24688 23744 "GET /api/jamendo/tracks/tag/?tag=rock&limit=15 HTTP/1.1" 200 63652
INFO 2025-07-01 13:23:44,449 views 24688 23744 Jamendo API 請求: https://api.jamendo.com/v3.0/tracks with params: {'client_id': '93957ee4', 'format': 'json', 'tags': 'metal', 'include': 'musicinfo', 'audioformat': 'mp32', 'limit': 30}
INFO 2025-07-01 13:23:45,266 views 24688 23744 Jamendo API 響應成功: 30 項結果
INFO 2025-07-01 13:23:45,270 basehttp 24688 23744 "GET /api/jamendo/tracks/tag/?tag=metal&limit=30 HTTP/1.1" 200 119712
INFO 2025-07-01 13:23:52,795 views 24688 23744 Jamendo API 請求: https://api.jamendo.com/v3.0/tracks with params: {'client_id': '93957ee4', 'format': 'json', 'tags': 'hiphop', 'include': 'musicinfo', 'audioformat': 'mp32', 'limit': 30}
INFO 2025-07-01 13:23:53,909 views 24688 23744 Jamendo API 響應成功: 30 項結果
INFO 2025-07-01 13:23:53,914 basehttp 24688 23744 "GET /api/jamendo/tracks/tag/?tag=hiphop&limit=30 HTTP/1.1" 200 118056
INFO 2025-07-01 13:24:06,831 views 24688 23744 從緩存返回數據: tracks
INFO 2025-07-01 13:24:06,833 basehttp 24688 23744 "GET /api/jamendo/tracks/tag/?tag=pop&limit=30 HTTP/1.1" 200 125183
INFO 2025-07-01 13:24:10,820 views 24688 23744 從緩存返回數據: tracks
INFO 2025-07-01 13:24:10,823 basehttp 24688 23744 "GET /api/jamendo/tracks/tag/?tag=rock&limit=30 HTTP/1.1" 200 124074
INFO 2025-07-01 13:24:13,047 views 24688 23744 Jamendo API 請求: https://api.jamendo.com/v3.0/tracks with params: {'client_id': '93957ee4', 'format': 'json', 'tags': 'electronic', 'include': 'musicinfo', 'audioformat': 'mp32', 'limit': 30}
INFO 2025-07-01 13:24:13,959 views 24688 23744 Jamendo API 響應成功: 30 項結果
INFO 2025-07-01 13:24:13,964 basehttp 24688 23744 "GET /api/jamendo/tracks/tag/?tag=electronic&limit=30 HTTP/1.1" 200 119420
INFO 2025-07-01 13:24:19,835 views 24688 23744 Jamendo API 請求: https://api.jamendo.com/v3.0/tracks with params: {'client_id': '93957ee4', 'format': 'json', 'tags': 'jazz', 'include': 'musicinfo', 'audioformat': 'mp32', 'limit': 30}
INFO 2025-07-01 13:24:20,734 views 24688 23744 Jamendo API 響應成功: 30 項結果
INFO 2025-07-01 13:24:20,739 basehttp 24688 23744 "GET /api/jamendo/tracks/tag/?tag=jazz&limit=30 HTTP/1.1" 200 138488
INFO 2025-07-01 13:24:24,602 views 24688 23744 Jamendo API 請求: https://api.jamendo.com/v3.0/tracks with params: {'client_id': '93957ee4', 'format': 'json', 'tags': 'classical', 'include': 'musicinfo', 'audioformat': 'mp32', 'limit': 30}
INFO 2025-07-01 13:24:25,357 views 24688 23744 Jamendo API 響應成功: 30 項結果
INFO 2025-07-01 13:24:25,361 basehttp 24688 23744 "GET /api/jamendo/tracks/tag/?tag=classical&limit=30 HTTP/1.1" 200 120546
INFO 2025-07-01 13:24:28,281 views 24688 23744 Jamendo API 請求: https://api.jamendo.com/v3.0/tracks with params: {'client_id': '93957ee4', 'format': 'json', 'tags': 'soundtrack', 'include': 'musicinfo', 'audioformat': 'mp32', 'limit': 30}
INFO 2025-07-01 13:24:29,259 views 24688 23744 Jamendo API 響應成功: 30 項結果
INFO 2025-07-01 13:24:29,263 basehttp 24688 23744 "GET /api/jamendo/tracks/tag/?tag=soundtrack&limit=30 HTTP/1.1" 200 129828
INFO 2025-07-01 13:24:31,581 views 24688 23744 從緩存返回數據: tracks
INFO 2025-07-01 13:24:31,584 basehttp 24688 23744 "GET /api/jamendo/tracks/tag/?tag=electronic&limit=30 HTTP/1.1" 200 119420
INFO 2025-07-01 13:24:34,304 views 24688 23744 Jamendo API 請求: https://api.jamendo.com/v3.0/tracks with params: {'client_id': '93957ee4', 'format': 'json', 'tags': 'world', 'include': 'musicinfo', 'audioformat': 'mp32', 'limit': 30}
INFO 2025-07-01 13:24:35,240 views 24688 23744 Jamendo API 響應成功: 30 項結果
INFO 2025-07-01 13:24:35,245 basehttp 24688 23744 "GET /api/jamendo/tracks/tag/?tag=world&limit=30 HTTP/1.1" 200 122063
INFO 2025-07-01 13:25:03,247 views 24688 23744 從緩存返回數據: tracks
INFO 2025-07-01 13:25:03,250 basehttp 24688 23744 "GET /api/jamendo/tracks/tag/?tag=electronic&limit=30 HTTP/1.1" 200 119420
INFO 2025-07-01 13:35:33,137 basehttp 24688 25096 "GET /api/jamendo/config/ HTTP/1.1" 200 112
INFO 2025-07-01 13:35:33,158 basehttp 24688 25096 "GET /api/jamendo/config/ HTTP/1.1" 200 112
INFO 2025-07-01 13:35:33,170 basehttp 24688 25096 "GET /api/jamendo/tags/ HTTP/1.1" 200 271
INFO 2025-07-01 13:35:33,191 views 24688 25096 從緩存返回數據: tracks
INFO 2025-07-01 13:35:33,196 basehttp 24688 25096 "GET /api/jamendo/tracks/popular/?limit=30 HTTP/1.1" 200 121492
INFO 2025-07-01 13:35:37,521 basehttp 24688 25096 "GET /api/jamendo/config/ HTTP/1.1" 200 112
INFO 2025-07-01 13:35:37,534 basehttp 24688 25096 "GET /api/jamendo/config/ HTTP/1.1" 200 112
INFO 2025-07-01 13:35:37,541 basehttp 24688 25096 "GET /api/jamendo/tags/ HTTP/1.1" 200 271
INFO 2025-07-01 13:35:37,553 views 24688 25096 從緩存返回數據: tracks
INFO 2025-07-01 13:35:37,555 basehttp 24688 25096 "GET /api/jamendo/tracks/popular/?limit=30 HTTP/1.1" 200 121492
INFO 2025-07-01 13:35:50,498 views 24688 25096 Jamendo API 請求: https://api.jamendo.com/v3.0/tracks with params: {'client_id': '93957ee4', 'format': 'json', 'tags': 'jazz', 'include': 'musicinfo', 'audioformat': 'mp32', 'limit': 15}
INFO 2025-07-01 13:35:51,532 views 24688 25096 Jamendo API 響應成功: 15 項結果
INFO 2025-07-01 13:35:51,535 basehttp 24688 25096 "GET /api/jamendo/tracks/tag/?tag=jazz&limit=15 HTTP/1.1" 200 72502
INFO 2025-07-01 13:35:51,543 views 24688 25096 從緩存返回數據: tracks
INFO 2025-07-01 13:35:51,546 basehttp 24688 25096 "GET /api/jamendo/tracks/tag/?tag=pop&limit=15 HTTP/1.1" 200 64094
INFO 2025-07-01 13:35:51,556 views 24688 25096 從緩存返回數據: tracks
INFO 2025-07-01 13:35:51,558 basehttp 24688 25096 "GET /api/jamendo/tracks/tag/?tag=rock&limit=15 HTTP/1.1" 200 63652
INFO 2025-07-01 13:37:26,784 views 24688 25096 從緩存返回數據: tracks
INFO 2025-07-01 13:37:26,787 basehttp 24688 25096 "GET /api/jamendo/tracks/tag/?tag=rock&limit=30 HTTP/1.1" 200 124074
INFO 2025-07-01 13:37:31,035 views 24688 25096 從緩存返回數據: tracks
INFO 2025-07-01 13:37:31,038 basehttp 24688 25096 "GET /api/jamendo/tracks/tag/?tag=electronic&limit=30 HTTP/1.1" 200 119420
INFO 2025-07-01 13:37:43,854 views 24688 25096 從緩存返回數據: tracks
INFO 2025-07-01 13:37:43,856 basehttp 24688 25096 "GET /api/jamendo/tracks/tag/?tag=rock&limit=30 HTTP/1.1" 200 124074
INFO 2025-07-01 13:37:45,515 views 24688 25096 從緩存返回數據: tracks
INFO 2025-07-01 13:37:45,517 basehttp 24688 25096 "GET /api/jamendo/tracks/tag/?tag=electronic&limit=30 HTTP/1.1" 200 119420
INFO 2025-07-01 13:39:33,999 views 24688 25096 從緩存返回數據: tracks
INFO 2025-07-01 13:39:34,002 basehttp 24688 25096 "GET /api/jamendo/tracks/tag/?tag=pop&limit=30 HTTP/1.1" 200 125183
INFO 2025-07-01 13:51:25,546 views 24688 19504 從緩存返回數據: tracks
INFO 2025-07-01 13:51:25,547 basehttp 24688 19504 "GET /api/jamendo/tracks/tag/?tag=jazz&limit=15 HTTP/1.1" 200 72502
INFO 2025-07-01 13:51:25,554 views 24688 19504 從緩存返回數據: tracks
INFO 2025-07-01 13:51:25,555 basehttp 24688 19504 "GET /api/jamendo/tracks/tag/?tag=pop&limit=15 HTTP/1.1" 200 64094
INFO 2025-07-01 13:51:25,560 views 24688 19504 從緩存返回數據: tracks
INFO 2025-07-01 13:51:25,561 basehttp 24688 19504 "GET /api/jamendo/tracks/tag/?tag=rock&limit=15 HTTP/1.1" 200 63652
INFO 2025-07-01 13:53:14,795 views 24688 19504 Jamendo API 請求: https://api.jamendo.com/v3.0/tracks with params: {'client_id': '93957ee4', 'format': 'json', 'order': 'releasedate_desc', 'include': 'musicinfo', 'audioformat': 'mp32', 'limit': 30}
INFO 2025-07-01 13:53:15,746 views 24688 19504 Jamendo API 響應成功: 30 項結果
INFO 2025-07-01 13:53:15,751 basehttp 24688 19504 "GET /api/jamendo/tracks/latest/?limit=30 HTTP/1.1" 200 147625
INFO 2025-07-01 13:53:24,281 views 24688 19504 從緩存返回數據: tracks
INFO 2025-07-01 13:53:24,284 basehttp 24688 19504 "GET /api/jamendo/tracks/tag/?tag=pop&limit=30 HTTP/1.1" 200 125183
INFO 2025-07-01 13:53:29,689 basehttp 24688 19504 "GET /api/jamendo/tracks/random/?limit=30 HTTP/1.1" 200 410
INFO 2025-07-01 13:53:51,837 views 24688 19504 從緩存返回數據: tracks
INFO 2025-07-01 13:53:51,841 basehttp 24688 19504 "GET /api/jamendo/tracks/tag/?tag=pop&limit=30 HTTP/1.1" 200 125183
INFO 2025-07-01 13:54:00,979 views 24688 19504 從緩存返回數據: tracks
INFO 2025-07-01 13:54:00,982 basehttp 24688 19504 "GET /api/jamendo/tracks/tag/?tag=jazz&limit=15 HTTP/1.1" 200 72502
INFO 2025-07-01 13:54:00,995 views 24688 19504 從緩存返回數據: tracks
INFO 2025-07-01 13:54:00,998 basehttp 24688 19504 "GET /api/jamendo/tracks/tag/?tag=pop&limit=15 HTTP/1.1" 200 64094
INFO 2025-07-01 13:54:01,006 views 24688 19504 從緩存返回數據: tracks
INFO 2025-07-01 13:54:01,009 basehttp 24688 19504 "GET /api/jamendo/tracks/tag/?tag=rock&limit=15 HTTP/1.1" 200 63652
INFO 2025-07-01 13:54:07,520 views 24688 19504 從緩存返回數據: tracks
INFO 2025-07-01 13:54:07,523 basehttp 24688 19504 "GET /api/jamendo/tracks/tag/?tag=pop&limit=15 HTTP/1.1" 200 64094
INFO 2025-07-01 13:54:07,531 views 24688 19504 從緩存返回數據: tracks
INFO 2025-07-01 13:54:07,534 basehttp 24688 19504 "GET /api/jamendo/tracks/tag/?tag=pop&limit=15 HTTP/1.1" 200 64094
INFO 2025-07-01 13:54:07,543 views 24688 19504 從緩存返回數據: tracks
INFO 2025-07-01 13:54:07,546 basehttp 24688 19504 "GET /api/jamendo/tracks/tag/?tag=rock&limit=15 HTTP/1.1" 200 63652
INFO 2025-07-01 13:54:24,296 views 24688 19504 從緩存返回數據: tracks
INFO 2025-07-01 13:54:24,298 basehttp 24688 19504 "GET /api/jamendo/tracks/tag/?tag=pop&limit=15 HTTP/1.1" 200 64094
INFO 2025-07-01 13:54:24,307 views 24688 19504 Jamendo API 請求: https://api.jamendo.com/v3.0/tracks with params: {'client_id': '93957ee4', 'format': 'json', 'tags': 'hiphop', 'include': 'musicinfo', 'audioformat': 'mp32', 'limit': 15}
INFO 2025-07-01 13:54:25,281 views 24688 19504 Jamendo API 響應成功: 15 項結果
INFO 2025-07-01 13:54:25,284 basehttp 24688 19504 "GET /api/jamendo/tracks/tag/?tag=hiphop&limit=15 HTTP/1.1" 200 60148
INFO 2025-07-01 13:54:25,294 views 24688 19504 從緩存返回數據: tracks
INFO 2025-07-01 13:54:25,296 basehttp 24688 19504 "GET /api/jamendo/tracks/tag/?tag=hiphop&limit=15 HTTP/1.1" 200 60148
INFO 2025-07-01 13:55:55,588 views 24688 19504 從緩存返回數據: tracks
INFO 2025-07-01 13:55:55,591 basehttp 24688 19504 "GET /api/jamendo/tracks/tag/?tag=pop&limit=15 HTTP/1.1" 200 64094
INFO 2025-07-01 13:55:55,602 views 24688 19504 從緩存返回數據: tracks
INFO 2025-07-01 13:55:55,605 basehttp 24688 19504 "GET /api/jamendo/tracks/tag/?tag=rock&limit=15 HTTP/1.1" 200 63652
INFO 2025-07-01 13:55:55,617 views 24688 19504 從緩存返回數據: tracks
INFO 2025-07-01 13:55:55,620 basehttp 24688 19504 "GET /api/jamendo/tracks/tag/?tag=hiphop&limit=15 HTTP/1.1" 200 60148
INFO 2025-07-01 13:56:09,568 views 24688 19504 從緩存返回數據: tracks
INFO 2025-07-01 13:56:09,571 basehttp 24688 19504 "GET /api/jamendo/tracks/tag/?tag=rock&limit=30 HTTP/1.1" 200 124074
INFO 2025-07-01 13:57:35,090 views 24688 16860 從緩存返回數據: tracks
INFO 2025-07-01 13:57:35,093 basehttp 24688 16860 "GET /api/jamendo/tracks/tag/?tag=pop&limit=15 HTTP/1.1" 200 64094
INFO 2025-07-01 13:57:35,104 views 24688 16860 從緩存返回數據: tracks
INFO 2025-07-01 13:57:35,107 basehttp 24688 16860 "GET /api/jamendo/tracks/tag/?tag=rock&limit=15 HTTP/1.1" 200 63652
INFO 2025-07-01 13:57:35,117 views 24688 16860 從緩存返回數據: tracks
INFO 2025-07-01 13:57:35,120 basehttp 24688 16860 "GET /api/jamendo/tracks/tag/?tag=hiphop&limit=15 HTTP/1.1" 200 60148
INFO 2025-07-01 13:57:58,378 views 24688 16860 從緩存返回數據: tracks
INFO 2025-07-01 13:57:58,381 basehttp 24688 16860 "GET /api/jamendo/tracks/tag/?tag=electronic&limit=30 HTTP/1.1" 200 119420
INFO 2025-07-01 14:14:17,237 views 24688 26856 從緩存返回數據: tracks
INFO 2025-07-01 14:14:17,240 basehttp 24688 26856 "GET /api/jamendo/tracks/tag/?tag=pop&limit=30 HTTP/1.1" 200 125183
INFO 2025-07-01 15:10:06,218 autoreload 18536 25572 Watching for file changes with StatReloader
INFO 2025-07-01 15:10:11,823 basehttp 18536 22304 "GET /api/jamendo/config/ HTTP/1.1" 200 112
INFO 2025-07-01 15:10:11,844 basehttp 18536 22304 "GET /api/jamendo/config/ HTTP/1.1" 200 112
INFO 2025-07-01 15:10:11,869 basehttp 18536 22304 "GET /api/jamendo/tags/ HTTP/1.1" 200 271
INFO 2025-07-01 15:10:11,905 views 18536 22304 Jamendo API 請求: https://api.jamendo.com/v3.0/tracks with params: {'client_id': '93957ee4', 'format': 'json', 'order': 'popularity_total', 'include': 'musicinfo', 'audioformat': 'mp32', 'limit': 30}
INFO 2025-07-01 15:10:12,905 views 18536 22304 Jamendo API 響應成功: 30 項結果
INFO 2025-07-01 15:10:12,908 basehttp 18536 22304 "GET /api/jamendo/tracks/popular/?limit=30 HTTP/1.1" 200 121484
INFO 2025-07-01 15:21:22,716 views 18536 27204 Jamendo API 請求: https://api.jamendo.com/v3.0/tracks with params: {'client_id': '93957ee4', 'format': 'json', 'tags': 'rock', 'include': 'musicinfo', 'audioformat': 'mp32', 'limit': 30}
INFO 2025-07-01 15:21:23,862 views 18536 27204 Jamendo API 響應成功: 30 項結果
INFO 2025-07-01 15:21:23,865 basehttp 18536 27204 "GET /api/jamendo/tracks/tag/?tag=rock&limit=30 HTTP/1.1" 200 125914
INFO 2025-07-01 15:32:27,344 basehttp 18536 20448 "GET /api/jamendo/config/ HTTP/1.1" 200 112
INFO 2025-07-01 15:32:27,368 basehttp 18536 20448 "GET /api/jamendo/config/ HTTP/1.1" 200 112
INFO 2025-07-01 15:32:27,381 basehttp 18536 20448 "GET /api/jamendo/tags/ HTTP/1.1" 200 271
INFO 2025-07-01 15:32:27,409 views 18536 20448 從緩存返回數據: tracks
INFO 2025-07-01 15:32:27,413 basehttp 18536 20448 "GET /api/jamendo/tracks/popular/?limit=30 HTTP/1.1" 200 121484
INFO 2025-07-01 15:32:37,554 basehttp 18536 20448 "GET /api/jamendo/config/ HTTP/1.1" 200 112
INFO 2025-07-01 15:32:37,568 basehttp 18536 20448 "GET /api/jamendo/config/ HTTP/1.1" 200 112
INFO 2025-07-01 15:32:37,579 basehttp 18536 20448 "GET /api/jamendo/tags/ HTTP/1.1" 200 271
INFO 2025-07-01 15:32:37,586 views 18536 20448 從緩存返回數據: tracks
INFO 2025-07-01 15:32:37,587 basehttp 18536 20448 "GET /api/jamendo/tracks/popular/?limit=30 HTTP/1.1" 200 121484
INFO 2025-07-01 15:32:43,576 views 18536 20448 從緩存返回數據: tracks
INFO 2025-07-01 15:32:43,579 basehttp 18536 20448 "GET /api/jamendo/tracks/tag/?tag=rock&limit=30 HTTP/1.1" 200 125914
INFO 2025-07-01 15:33:06,043 views 18536 20448 Jamendo API 請求: https://api.jamendo.com/v3.0/tracks with params: {'client_id': '93957ee4', 'format': 'json', 'tags': 'jazz', 'include': 'musicinfo', 'audioformat': 'mp32', 'limit': 15}
INFO 2025-07-01 15:33:07,093 views 18536 20448 Jamendo API 響應成功: 15 項結果
INFO 2025-07-01 15:33:07,096 basehttp 18536 20448 "GET /api/jamendo/tracks/tag/?tag=jazz&limit=15 HTTP/1.1" 200 71532
INFO 2025-07-01 15:33:07,114 views 18536 20448 Jamendo API 請求: https://api.jamendo.com/v3.0/tracks with params: {'client_id': '93957ee4', 'format': 'json', 'tags': 'pop', 'include': 'musicinfo', 'audioformat': 'mp32', 'limit': 15}
INFO 2025-07-01 15:33:08,047 views 18536 20448 Jamendo API 響應成功: 15 項結果
INFO 2025-07-01 15:33:08,050 basehttp 18536 20448 "GET /api/jamendo/tracks/tag/?tag=pop&limit=15 HTTP/1.1" 200 62151
INFO 2025-07-01 15:33:08,070 views 18536 20448 Jamendo API 請求: https://api.jamendo.com/v3.0/tracks with params: {'client_id': '93957ee4', 'format': 'json', 'tags': 'rock', 'include': 'musicinfo', 'audioformat': 'mp32', 'limit': 15}
INFO 2025-07-01 15:33:09,089 views 18536 20448 Jamendo API 響應成功: 15 項結果
INFO 2025-07-01 15:33:09,092 basehttp 18536 20448 "GET /api/jamendo/tracks/tag/?tag=rock&limit=15 HTTP/1.1" 200 62872
INFO 2025-07-01 15:34:10,206 basehttp 18536 20448 "GET /api/jamendo/config/ HTTP/1.1" 200 112
INFO 2025-07-01 15:34:10,223 basehttp 18536 20448 "GET /api/jamendo/config/ HTTP/1.1" 200 112
INFO 2025-07-01 15:34:10,231 basehttp 18536 20448 "GET /api/jamendo/tags/ HTTP/1.1" 200 271
INFO 2025-07-01 15:34:10,251 views 18536 20448 從緩存返回數據: tracks
INFO 2025-07-01 15:34:10,253 basehttp 18536 20448 "GET /api/jamendo/tracks/popular/?limit=30 HTTP/1.1" 200 121484
